<?xml version="1.0" encoding="UTF-8"?>
<robot generator="Robot 7.2.2 (Python 3.13.2 on win32)" generated="2025-03-02T11:04:13.179506" rpa="false" schemaversion="5">
<suite id="s1" name="Quiz3-Kelompok5" source="C:\Users\Ibnu Kemal\Documents\Quiz3-Kelompok5">
<suite id="s1-s1" name="Suites" source="C:\Users\Ibnu Kemal\Documents\Quiz3-Kelompok5\suites">
<suite id="s1-s1-s1" name="Login" source="C:\Users\Ibnu Kemal\Documents\Quiz3-Kelompok5\suites\login.robot">
<test id="s1-s1-s1-t1" name="User Should Be Able To Login with Valid Data" line="10">
<kw name="Open Flight Application" owner="base">
<kw name="Open Application" owner="AppiumLibrary">
<arg>remote_url=${REMOTE_URL}</arg>
<arg>platformName=${PLATFORM_NAME}</arg>
<arg>platformVersion=${PLATFORM_VERSION}</arg>
<arg>deviceName=${DEVICE_NAME}</arg>
<arg>appPackage=${APP_PACKAGE}</arg>
<arg>appActivity=${APP_ACTIVITY}</arg>
<arg>automationName=${AUTOMATION_NAME}</arg>
<doc>Opens a new application to given Appium server.
Capabilities of appium server, Android and iOS,
Please check https://appium.io/docs/en/2.1/cli/args/
| *Option*            | *Man.* | *Description*     |
| remote_url          | Yes    | Appium server url |
| alias               | no     | alias             |
| strict_ssl          | No     | allows you to send commands to an invalid certificate host like a self-signed one. |</doc>
<status status="PASS" start="2025-03-02T11:04:13.352554" elapsed="4.920899"/>
</kw>
<status status="PASS" start="2025-03-02T11:04:13.351609" elapsed="4.922186"/>
</kw>
<kw name="Verify Home Screen Appears" owner="homePage">
<kw name="Wait Until Element Is Visible" owner="AppiumLibrary">
<msg time="2025-03-02T11:04:19.270794" level="INFO">xpath criteria: //android.widget.ImageView[@resource-id="com.example.myapplication:id/imageView4"]</msg>
<arg>locator=//android.widget.ImageView[@resource-id="com.example.myapplication:id/imageView4"]</arg>
<doc>Waits until element specified with `locator` is visible.</doc>
<status status="PASS" start="2025-03-02T11:04:18.275368" elapsed="0.995814"/>
</kw>
<status status="PASS" start="2025-03-02T11:04:18.274612" elapsed="0.996764"/>
</kw>
<kw name="Click Sign In Button On Home Screen" owner="homePage">
<kw name="Click Element" owner="AppiumLibrary">
<msg time="2025-03-02T11:04:19.273572" level="INFO">Clicking element '//android.widget.Button[@resource-id="com.example.myapplication:id/login"]'.</msg>
<msg time="2025-03-02T11:04:19.418320" level="INFO">xpath criteria: //android.widget.Button[@resource-id="com.example.myapplication:id/login"]</msg>
<arg>locator=//android.widget.Button[@resource-id="com.example.myapplication:id/login"]</arg>
<doc>Click element identified by `locator`.</doc>
<status status="PASS" start="2025-03-02T11:04:19.272424" elapsed="0.146294"/>
</kw>
<status status="PASS" start="2025-03-02T11:04:19.271796" elapsed="0.147153"/>
</kw>
<kw name="Verify Sign In Screen Appears" owner="loginPage">
<kw name="Wait Until Element Is Visible" owner="AppiumLibrary">
<msg time="2025-03-02T11:04:20.159774" level="INFO">xpath criteria: //android.widget.EditText[@resource-id="com.example.myapplication:id/username"]
xpath criteria: //android.widget.EditText[@resource-id="com.example.myapplication:id/username"]</msg>
<arg>locator=${username_input}</arg>
<doc>Waits until element specified with `locator` is visible.</doc>
<status status="PASS" start="2025-03-02T11:04:19.420016" elapsed="0.740099"/>
</kw>
<status status="PASS" start="2025-03-02T11:04:19.419499" elapsed="0.740790"/>
</kw>
<kw name="Input Username" owner="loginPage">
<kw name="Input Text" owner="AppiumLibrary">
<msg time="2025-03-02T11:04:20.162719" level="INFO">Typing text 'support@ngendigital.com' into text field '//android.widget.EditText[@resource-id="com.example.myapplication:id/username"]'</msg>
<msg time="2025-03-02T11:04:20.262453" level="INFO">xpath criteria: //android.widget.EditText[@resource-id="com.example.myapplication:id/username"]</msg>
<arg>locator=${username_input}</arg>
<arg>text=${username}</arg>
<doc>Types the given `text` into text field identified by `locator`.</doc>
<status status="PASS" start="2025-03-02T11:04:20.161339" elapsed="0.101507"/>
</kw>
<arg>username=support@ngendigital.com</arg>
<status status="PASS" start="2025-03-02T11:04:20.160842" elapsed="0.102244"/>
</kw>
<kw name="Input Password" owner="loginPage">
<kw name="Input Text" owner="AppiumLibrary">
<msg time="2025-03-02T11:04:20.266414" level="INFO">Typing text 'abc123' into text field '//android.widget.EditText[@resource-id="com.example.myapplication:id/password"]'</msg>
<msg time="2025-03-02T11:04:20.849752" level="INFO">xpath criteria: //android.widget.EditText[@resource-id="com.example.myapplication:id/password"]</msg>
<arg>locator=${password_input}</arg>
<arg>text=${VALID_PASSWORD}</arg>
<doc>Types the given `text` into text field identified by `locator`.</doc>
<status status="PASS" start="2025-03-02T11:04:20.264322" elapsed="0.585714"/>
</kw>
<arg>password=abc123</arg>
<status status="PASS" start="2025-03-02T11:04:20.263581" elapsed="0.586647"/>
</kw>
<kw name="Click Sign In Button On Sign In Screen" owner="loginPage">
<kw name="Click Element" owner="AppiumLibrary">
<msg time="2025-03-02T11:04:20.852866" level="INFO">Clicking element '//android.widget.Button[@resource-id="com.example.myapplication:id/signIn"]'.</msg>
<msg time="2025-03-02T11:04:21.465984" level="INFO">xpath criteria: //android.widget.Button[@resource-id="com.example.myapplication:id/signIn"]</msg>
<arg>locator=//android.widget.Button[@resource-id="com.example.myapplication:id/signIn"]</arg>
<doc>Click element identified by `locator`.</doc>
<status status="PASS" start="2025-03-02T11:04:20.851175" elapsed="0.615144"/>
</kw>
<status status="PASS" start="2025-03-02T11:04:20.850647" elapsed="0.615932"/>
</kw>
<kw name="Verify User Sucessfully Login" owner="loginPage">
<kw name="Wait Until Element Is Visible" owner="AppiumLibrary">
<msg time="2025-03-02T11:04:22.120823" level="INFO">xpath criteria: //android.widget.TextView[@resource-id="com.example.myapplication:id/textView"]</msg>
<arg>locator=//android.widget.TextView[@resource-id="com.example.myapplication:id/textView"]</arg>
<doc>Waits until element specified with `locator` is visible.</doc>
<status status="PASS" start="2025-03-02T11:04:21.467729" elapsed="0.653418"/>
</kw>
<status status="PASS" start="2025-03-02T11:04:21.467072" elapsed="0.654243"/>
</kw>
<kw name=" Close Flight Application" owner="base">
<kw name="Close Application" owner="AppiumLibrary">
<doc>Closes the current application and also close webdriver session.</doc>
<status status="PASS" start="2025-03-02T11:04:22.122563" elapsed="0.431100"/>
</kw>
<status status="PASS" start="2025-03-02T11:04:22.121814" elapsed="0.432259"/>
</kw>
<status status="PASS" start="2025-03-02T11:04:13.350234" elapsed="9.204685"/>
</test>
<test id="s1-s1-s1-t2" name="User Should Not Be Able To Login with Unregistered Email" line="21">
<kw name="Open Flight Application" owner="base">
<kw name="Open Application" owner="AppiumLibrary">
<arg>remote_url=${REMOTE_URL}</arg>
<arg>platformName=${PLATFORM_NAME}</arg>
<arg>platformVersion=${PLATFORM_VERSION}</arg>
<arg>deviceName=${DEVICE_NAME}</arg>
<arg>appPackage=${APP_PACKAGE}</arg>
<arg>appActivity=${APP_ACTIVITY}</arg>
<arg>automationName=${AUTOMATION_NAME}</arg>
<doc>Opens a new application to given Appium server.
Capabilities of appium server, Android and iOS,
Please check https://appium.io/docs/en/2.1/cli/args/
| *Option*            | *Man.* | *Description*     |
| remote_url          | Yes    | Appium server url |
| alias               | no     | alias             |
| strict_ssl          | No     | allows you to send commands to an invalid certificate host like a self-signed one. |</doc>
<status status="PASS" start="2025-03-02T11:04:22.558573" elapsed="6.093590"/>
</kw>
<status status="PASS" start="2025-03-02T11:04:22.557839" elapsed="6.094664"/>
</kw>
<kw name="Verify Home Screen Appears" owner="homePage">
<kw name="Wait Until Element Is Visible" owner="AppiumLibrary">
<msg time="2025-03-02T11:04:29.664416" level="INFO">xpath criteria: //android.widget.ImageView[@resource-id="com.example.myapplication:id/imageView4"]</msg>
<arg>locator=//android.widget.ImageView[@resource-id="com.example.myapplication:id/imageView4"]</arg>
<doc>Waits until element specified with `locator` is visible.</doc>
<status status="PASS" start="2025-03-02T11:04:28.653527" elapsed="1.011192"/>
</kw>
<status status="PASS" start="2025-03-02T11:04:28.653031" elapsed="1.011910"/>
</kw>
<kw name="Click Sign In Button On Home Screen" owner="homePage">
<kw name="Click Element" owner="AppiumLibrary">
<msg time="2025-03-02T11:04:29.667271" level="INFO">Clicking element '//android.widget.Button[@resource-id="com.example.myapplication:id/login"]'.</msg>
<msg time="2025-03-02T11:04:29.803143" level="INFO">xpath criteria: //android.widget.Button[@resource-id="com.example.myapplication:id/login"]</msg>
<arg>locator=//android.widget.Button[@resource-id="com.example.myapplication:id/login"]</arg>
<doc>Click element identified by `locator`.</doc>
<status status="PASS" start="2025-03-02T11:04:29.666030" elapsed="0.137797"/>
</kw>
<status status="PASS" start="2025-03-02T11:04:29.665370" elapsed="0.138679"/>
</kw>
<kw name="Verify Sign In Screen Appears" owner="loginPage">
<kw name="Wait Until Element Is Visible" owner="AppiumLibrary">
<msg time="2025-03-02T11:04:30.571460" level="INFO">xpath criteria: //android.widget.EditText[@resource-id="com.example.myapplication:id/username"]
xpath criteria: //android.widget.EditText[@resource-id="com.example.myapplication:id/username"]</msg>
<arg>locator=${username_input}</arg>
<doc>Waits until element specified with `locator` is visible.</doc>
<status status="PASS" start="2025-03-02T11:04:29.805114" elapsed="0.766799"/>
</kw>
<status status="PASS" start="2025-03-02T11:04:29.804618" elapsed="0.767524"/>
</kw>
<kw name="Input Username" owner="loginPage">
<kw name="Input Text" owner="AppiumLibrary">
<msg time="2025-03-02T11:04:30.574567" level="INFO">Typing text 'ibnu@ngendigital.com' into text field '//android.widget.EditText[@resource-id="com.example.myapplication:id/username"]'</msg>
<msg time="2025-03-02T11:04:30.674926" level="INFO">xpath criteria: //android.widget.EditText[@resource-id="com.example.myapplication:id/username"]</msg>
<arg>locator=${username_input}</arg>
<arg>text=${username}</arg>
<doc>Types the given `text` into text field identified by `locator`.</doc>
<status status="PASS" start="2025-03-02T11:04:30.573160" elapsed="0.102164"/>
</kw>
<arg>username=ibnu@ngendigital.com</arg>
<status status="PASS" start="2025-03-02T11:04:30.572623" elapsed="0.102918"/>
</kw>
<kw name="Input Password" owner="loginPage">
<kw name="Input Text" owner="AppiumLibrary">
<msg time="2025-03-02T11:04:30.678457" level="INFO">Typing text 'abc123' into text field '//android.widget.EditText[@resource-id="com.example.myapplication:id/password"]'</msg>
<msg time="2025-03-02T11:04:31.243797" level="INFO">xpath criteria: //android.widget.EditText[@resource-id="com.example.myapplication:id/password"]</msg>
<arg>locator=${password_input}</arg>
<arg>text=${VALID_PASSWORD}</arg>
<doc>Types the given `text` into text field identified by `locator`.</doc>
<status status="PASS" start="2025-03-02T11:04:30.676804" elapsed="0.567493"/>
</kw>
<arg>password=abc123</arg>
<status status="PASS" start="2025-03-02T11:04:30.676021" elapsed="0.568430"/>
</kw>
<kw name="Click Sign In Button On Sign In Screen" owner="loginPage">
<kw name="Click Element" owner="AppiumLibrary">
<msg time="2025-03-02T11:04:31.246486" level="INFO">Clicking element '//android.widget.Button[@resource-id="com.example.myapplication:id/signIn"]'.</msg>
<msg time="2025-03-02T11:04:31.871164" level="INFO">xpath criteria: //android.widget.Button[@resource-id="com.example.myapplication:id/signIn"]</msg>
<arg>locator=//android.widget.Button[@resource-id="com.example.myapplication:id/signIn"]</arg>
<doc>Click element identified by `locator`.</doc>
<status status="PASS" start="2025-03-02T11:04:31.245296" elapsed="0.626248"/>
</kw>
<status status="PASS" start="2025-03-02T11:04:31.244850" elapsed="0.626920"/>
</kw>
<kw name=" Close Flight Application" owner="base">
<kw name="Close Application" owner="AppiumLibrary">
<doc>Closes the current application and also close webdriver session.</doc>
<status status="PASS" start="2025-03-02T11:04:31.872856" elapsed="0.584283"/>
</kw>
<status status="PASS" start="2025-03-02T11:04:31.872253" elapsed="0.585278"/>
</kw>
<status status="PASS" start="2025-03-02T11:04:22.556568" elapsed="9.901479"/>
</test>
<test id="s1-s1-s1-t3" name="User Should Not Be Able To Login with Wrong Password" line="32">
<kw name="Open Flight Application" owner="base">
<kw name="Open Application" owner="AppiumLibrary">
<arg>remote_url=${REMOTE_URL}</arg>
<arg>platformName=${PLATFORM_NAME}</arg>
<arg>platformVersion=${PLATFORM_VERSION}</arg>
<arg>deviceName=${DEVICE_NAME}</arg>
<arg>appPackage=${APP_PACKAGE}</arg>
<arg>appActivity=${APP_ACTIVITY}</arg>
<arg>automationName=${AUTOMATION_NAME}</arg>
<doc>Opens a new application to given Appium server.
Capabilities of appium server, Android and iOS,
Please check https://appium.io/docs/en/2.1/cli/args/
| *Option*            | *Man.* | *Description*     |
| remote_url          | Yes    | Appium server url |
| alias               | no     | alias             |
| strict_ssl          | No     | allows you to send commands to an invalid certificate host like a self-signed one. |</doc>
<status status="PASS" start="2025-03-02T11:04:32.462169" elapsed="6.113817"/>
</kw>
<status status="PASS" start="2025-03-02T11:04:32.461271" elapsed="6.115057"/>
</kw>
<kw name="Verify Home Screen Appears" owner="homePage">
<kw name="Wait Until Element Is Visible" owner="AppiumLibrary">
<msg time="2025-03-02T11:04:39.576173" level="INFO">xpath criteria: //android.widget.ImageView[@resource-id="com.example.myapplication:id/imageView4"]</msg>
<arg>locator=//android.widget.ImageView[@resource-id="com.example.myapplication:id/imageView4"]</arg>
<doc>Waits until element specified with `locator` is visible.</doc>
<status status="PASS" start="2025-03-02T11:04:38.577610" elapsed="0.999169"/>
</kw>
<status status="PASS" start="2025-03-02T11:04:38.576929" elapsed="0.999993"/>
</kw>
<kw name="Click Sign In Button On Home Screen" owner="homePage">
<kw name="Click Element" owner="AppiumLibrary">
<msg time="2025-03-02T11:04:39.578933" level="INFO">Clicking element '//android.widget.Button[@resource-id="com.example.myapplication:id/login"]'.</msg>
<msg time="2025-03-02T11:04:39.738314" level="INFO">xpath criteria: //android.widget.Button[@resource-id="com.example.myapplication:id/login"]</msg>
<arg>locator=//android.widget.Button[@resource-id="com.example.myapplication:id/login"]</arg>
<doc>Click element identified by `locator`.</doc>
<status status="PASS" start="2025-03-02T11:04:39.577855" elapsed="0.160849"/>
</kw>
<status status="PASS" start="2025-03-02T11:04:39.577312" elapsed="0.161577"/>
</kw>
<kw name="Verify Sign In Screen Appears" owner="loginPage">
<kw name="Wait Until Element Is Visible" owner="AppiumLibrary">
<msg time="2025-03-02T11:04:40.444642" level="INFO">xpath criteria: //android.widget.EditText[@resource-id="com.example.myapplication:id/username"]
xpath criteria: //android.widget.EditText[@resource-id="com.example.myapplication:id/username"]</msg>
<arg>locator=${username_input}</arg>
<doc>Waits until element specified with `locator` is visible.</doc>
<status status="PASS" start="2025-03-02T11:04:39.739956" elapsed="0.705038"/>
</kw>
<status status="PASS" start="2025-03-02T11:04:39.739419" elapsed="0.705740"/>
</kw>
<kw name="Input Username" owner="loginPage">
<kw name="Input Text" owner="AppiumLibrary">
<msg time="2025-03-02T11:04:40.447544" level="INFO">Typing text 'support@ngendigital.com' into text field '//android.widget.EditText[@resource-id="com.example.myapplication:id/username"]'</msg>
<msg time="2025-03-02T11:04:40.543175" level="INFO">xpath criteria: //android.widget.EditText[@resource-id="com.example.myapplication:id/username"]</msg>
<arg>locator=${username_input}</arg>
<arg>text=${username}</arg>
<doc>Types the given `text` into text field identified by `locator`.</doc>
<status status="PASS" start="2025-03-02T11:04:40.446175" elapsed="0.097977"/>
</kw>
<arg>username=support@ngendigital.com</arg>
<status status="PASS" start="2025-03-02T11:04:40.445554" elapsed="0.098805"/>
</kw>
<kw name="Input Password" owner="loginPage">
<kw name="Input Text" owner="AppiumLibrary">
<msg time="2025-03-02T11:04:40.547386" level="INFO">Typing text 'abc123' into text field '//android.widget.EditText[@resource-id="com.example.myapplication:id/password"]'</msg>
<msg time="2025-03-02T11:04:41.127903" level="INFO">xpath criteria: //android.widget.EditText[@resource-id="com.example.myapplication:id/password"]</msg>
<arg>locator=${password_input}</arg>
<arg>text=${VALID_PASSWORD}</arg>
<doc>Types the given `text` into text field identified by `locator`.</doc>
<status status="PASS" start="2025-03-02T11:04:40.545328" elapsed="0.582893"/>
</kw>
<arg>password=abcde</arg>
<status status="PASS" start="2025-03-02T11:04:40.544813" elapsed="0.583552"/>
</kw>
<kw name="Click Sign In Button On Sign In Screen" owner="loginPage">
<kw name="Click Element" owner="AppiumLibrary">
<msg time="2025-03-02T11:04:41.130682" level="INFO">Clicking element '//android.widget.Button[@resource-id="com.example.myapplication:id/signIn"]'.</msg>
<msg time="2025-03-02T11:04:41.735519" level="INFO">xpath criteria: //android.widget.Button[@resource-id="com.example.myapplication:id/signIn"]</msg>
<arg>locator=//android.widget.Button[@resource-id="com.example.myapplication:id/signIn"]</arg>
<doc>Click element identified by `locator`.</doc>
<status status="PASS" start="2025-03-02T11:04:41.129463" elapsed="0.606501"/>
</kw>
<status status="PASS" start="2025-03-02T11:04:41.128987" elapsed="0.607130"/>
</kw>
<kw name=" Close Flight Application" owner="base">
<kw name="Close Application" owner="AppiumLibrary">
<doc>Closes the current application and also close webdriver session.</doc>
<status status="PASS" start="2025-03-02T11:04:41.737009" elapsed="0.422821"/>
</kw>
<status status="PASS" start="2025-03-02T11:04:41.736487" elapsed="0.423584"/>
</kw>
<status status="PASS" start="2025-03-02T11:04:32.459880" elapsed="9.700641"/>
</test>
<test id="s1-s1-s1-t4" name="User Should Not Be Able To Login with Unregistered email and Wrong Password" line="43">
<kw name="Open Flight Application" owner="base">
<kw name="Open Application" owner="AppiumLibrary">
<arg>remote_url=${REMOTE_URL}</arg>
<arg>platformName=${PLATFORM_NAME}</arg>
<arg>platformVersion=${PLATFORM_VERSION}</arg>
<arg>deviceName=${DEVICE_NAME}</arg>
<arg>appPackage=${APP_PACKAGE}</arg>
<arg>appActivity=${APP_ACTIVITY}</arg>
<arg>automationName=${AUTOMATION_NAME}</arg>
<doc>Opens a new application to given Appium server.
Capabilities of appium server, Android and iOS,
Please check https://appium.io/docs/en/2.1/cli/args/
| *Option*            | *Man.* | *Description*     |
| remote_url          | Yes    | Appium server url |
| alias               | no     | alias             |
| strict_ssl          | No     | allows you to send commands to an invalid certificate host like a self-signed one. |</doc>
<status status="PASS" start="2025-03-02T11:04:42.164724" elapsed="5.947031"/>
</kw>
<status status="PASS" start="2025-03-02T11:04:42.163708" elapsed="5.948373"/>
</kw>
<kw name="Verify Home Screen Appears" owner="homePage">
<kw name="Wait Until Element Is Visible" owner="AppiumLibrary">
<msg time="2025-03-02T11:04:49.112736" level="INFO">xpath criteria: //android.widget.ImageView[@resource-id="com.example.myapplication:id/imageView4"]</msg>
<arg>locator=//android.widget.ImageView[@resource-id="com.example.myapplication:id/imageView4"]</arg>
<doc>Waits until element specified with `locator` is visible.</doc>
<status status="PASS" start="2025-03-02T11:04:48.113167" elapsed="0.999926"/>
</kw>
<status status="PASS" start="2025-03-02T11:04:48.112595" elapsed="1.000667"/>
</kw>
<kw name="Click Sign In Button On Home Screen" owner="homePage">
<kw name="Click Element" owner="AppiumLibrary">
<msg time="2025-03-02T11:04:49.116063" level="INFO">Clicking element '//android.widget.Button[@resource-id="com.example.myapplication:id/login"]'.</msg>
<msg time="2025-03-02T11:04:49.250708" level="INFO">xpath criteria: //android.widget.Button[@resource-id="com.example.myapplication:id/login"]</msg>
<arg>locator=//android.widget.Button[@resource-id="com.example.myapplication:id/login"]</arg>
<doc>Click element identified by `locator`.</doc>
<status status="PASS" start="2025-03-02T11:04:49.114266" elapsed="0.136803"/>
</kw>
<status status="PASS" start="2025-03-02T11:04:49.113691" elapsed="0.137574"/>
</kw>
<kw name="Verify Sign In Screen Appears" owner="loginPage">
<kw name="Wait Until Element Is Visible" owner="AppiumLibrary">
<msg time="2025-03-02T11:04:50.016152" level="INFO">xpath criteria: //android.widget.EditText[@resource-id="com.example.myapplication:id/username"]
xpath criteria: //android.widget.EditText[@resource-id="com.example.myapplication:id/username"]</msg>
<arg>locator=${username_input}</arg>
<doc>Waits until element specified with `locator` is visible.</doc>
<status status="PASS" start="2025-03-02T11:04:49.252329" elapsed="0.764143"/>
</kw>
<status status="PASS" start="2025-03-02T11:04:49.251761" elapsed="0.764973"/>
</kw>
<kw name="Input Username" owner="loginPage">
<kw name="Input Text" owner="AppiumLibrary">
<msg time="2025-03-02T11:04:50.019290" level="INFO">Typing text 'ibnu@ngendigital.com' into text field '//android.widget.EditText[@resource-id="com.example.myapplication:id/username"]'</msg>
<msg time="2025-03-02T11:04:50.110878" level="INFO">xpath criteria: //android.widget.EditText[@resource-id="com.example.myapplication:id/username"]</msg>
<arg>locator=${username_input}</arg>
<arg>text=${username}</arg>
<doc>Types the given `text` into text field identified by `locator`.</doc>
<status status="PASS" start="2025-03-02T11:04:50.017809" elapsed="0.093354"/>
</kw>
<arg>username=ibnu@ngendigital.com</arg>
<status status="PASS" start="2025-03-02T11:04:50.017143" elapsed="0.094172"/>
</kw>
<kw name="Input Password" owner="loginPage">
<kw name="Input Text" owner="AppiumLibrary">
<msg time="2025-03-02T11:04:50.113559" level="INFO">Typing text 'abc123' into text field '//android.widget.EditText[@resource-id="com.example.myapplication:id/password"]'</msg>
<msg time="2025-03-02T11:04:50.641982" level="INFO">xpath criteria: //android.widget.EditText[@resource-id="com.example.myapplication:id/password"]</msg>
<arg>locator=${password_input}</arg>
<arg>text=${VALID_PASSWORD}</arg>
<doc>Types the given `text` into text field identified by `locator`.</doc>
<status status="PASS" start="2025-03-02T11:04:50.112390" elapsed="0.530172"/>
</kw>
<arg>password=abcde12345</arg>
<status status="PASS" start="2025-03-02T11:04:50.111789" elapsed="0.530969"/>
</kw>
<kw name="Click Sign In Button On Sign In Screen" owner="loginPage">
<kw name="Click Element" owner="AppiumLibrary">
<msg time="2025-03-02T11:04:50.645618" level="INFO">Clicking element '//android.widget.Button[@resource-id="com.example.myapplication:id/signIn"]'.</msg>
<msg time="2025-03-02T11:04:51.235653" level="INFO">xpath criteria: //android.widget.Button[@resource-id="com.example.myapplication:id/signIn"]</msg>
<arg>locator=//android.widget.Button[@resource-id="com.example.myapplication:id/signIn"]</arg>
<doc>Click element identified by `locator`.</doc>
<status status="PASS" start="2025-03-02T11:04:50.643792" elapsed="0.592439"/>
</kw>
<status status="PASS" start="2025-03-02T11:04:50.643188" elapsed="0.593355"/>
</kw>
<kw name=" Close Flight Application" owner="base">
<kw name="Close Application" owner="AppiumLibrary">
<doc>Closes the current application and also close webdriver session.</doc>
<status status="PASS" start="2025-03-02T11:04:51.237664" elapsed="0.473379"/>
</kw>
<status status="PASS" start="2025-03-02T11:04:51.236993" elapsed="0.474320"/>
</kw>
<status status="PASS" start="2025-03-02T11:04:42.162290" elapsed="9.549532"/>
</test>
<test id="s1-s1-s1-t5" name="User Should Not Be Able To Login with Empty Email" line="54">
<kw name="Open Flight Application" owner="base">
<kw name="Open Application" owner="AppiumLibrary">
<arg>remote_url=${REMOTE_URL}</arg>
<arg>platformName=${PLATFORM_NAME}</arg>
<arg>platformVersion=${PLATFORM_VERSION}</arg>
<arg>deviceName=${DEVICE_NAME}</arg>
<arg>appPackage=${APP_PACKAGE}</arg>
<arg>appActivity=${APP_ACTIVITY}</arg>
<arg>automationName=${AUTOMATION_NAME}</arg>
<doc>Opens a new application to given Appium server.
Capabilities of appium server, Android and iOS,
Please check https://appium.io/docs/en/2.1/cli/args/
| *Option*            | *Man.* | *Description*     |
| remote_url          | Yes    | Appium server url |
| alias               | no     | alias             |
| strict_ssl          | No     | allows you to send commands to an invalid certificate host like a self-signed one. |</doc>
<status status="PASS" start="2025-03-02T11:04:51.715321" elapsed="5.025081"/>
</kw>
<status status="PASS" start="2025-03-02T11:04:51.714843" elapsed="5.025856"/>
</kw>
<kw name="Verify Home Screen Appears" owner="homePage">
<kw name="Wait Until Element Is Visible" owner="AppiumLibrary">
<msg time="2025-03-02T11:04:57.761504" level="INFO">xpath criteria: //android.widget.ImageView[@resource-id="com.example.myapplication:id/imageView4"]</msg>
<arg>locator=//android.widget.ImageView[@resource-id="com.example.myapplication:id/imageView4"]</arg>
<doc>Waits until element specified with `locator` is visible.</doc>
<status status="PASS" start="2025-03-02T11:04:56.741833" elapsed="1.020063"/>
</kw>
<status status="PASS" start="2025-03-02T11:04:56.741247" elapsed="1.020791"/>
</kw>
<kw name="Click Sign In Button On Home Screen" owner="homePage">
<kw name="Click Element" owner="AppiumLibrary">
<msg time="2025-03-02T11:04:57.764608" level="INFO">Clicking element '//android.widget.Button[@resource-id="com.example.myapplication:id/login"]'.</msg>
<msg time="2025-03-02T11:04:57.904106" level="INFO">xpath criteria: //android.widget.Button[@resource-id="com.example.myapplication:id/login"]</msg>
<arg>locator=//android.widget.Button[@resource-id="com.example.myapplication:id/login"]</arg>
<doc>Click element identified by `locator`.</doc>
<status status="PASS" start="2025-03-02T11:04:57.763121" elapsed="0.141892"/>
</kw>
<status status="PASS" start="2025-03-02T11:04:57.762553" elapsed="0.142898"/>
</kw>
<kw name="Verify Sign In Screen Appears" owner="loginPage">
<kw name="Wait Until Element Is Visible" owner="AppiumLibrary">
<msg time="2025-03-02T11:04:58.680124" level="INFO">xpath criteria: //android.widget.EditText[@resource-id="com.example.myapplication:id/username"]
xpath criteria: //android.widget.EditText[@resource-id="com.example.myapplication:id/username"]</msg>
<arg>locator=${username_input}</arg>
<doc>Waits until element specified with `locator` is visible.</doc>
<status status="PASS" start="2025-03-02T11:04:57.906971" elapsed="0.773494"/>
</kw>
<status status="PASS" start="2025-03-02T11:04:57.906219" elapsed="0.774421"/>
</kw>
<kw name="Input Username" owner="loginPage">
<kw name="Input Text" owner="AppiumLibrary">
<msg time="2025-03-02T11:04:58.682727" level="INFO">Typing text '' into text field '//android.widget.EditText[@resource-id="com.example.myapplication:id/username"]'</msg>
<msg time="2025-03-02T11:04:58.769398" level="INFO">xpath criteria: //android.widget.EditText[@resource-id="com.example.myapplication:id/username"]</msg>
<arg>locator=${username_input}</arg>
<arg>text=${username}</arg>
<doc>Types the given `text` into text field identified by `locator`.</doc>
<status status="PASS" start="2025-03-02T11:04:58.681589" elapsed="0.088294"/>
</kw>
<arg>username=</arg>
<status status="PASS" start="2025-03-02T11:04:58.681153" elapsed="0.088887"/>
</kw>
<kw name="Input Password" owner="loginPage">
<kw name="Input Text" owner="AppiumLibrary">
<msg time="2025-03-02T11:04:58.772639" level="INFO">Typing text 'abc123' into text field '//android.widget.EditText[@resource-id="com.example.myapplication:id/password"]'</msg>
<msg time="2025-03-02T11:04:59.349221" level="INFO">xpath criteria: //android.widget.EditText[@resource-id="com.example.myapplication:id/password"]</msg>
<arg>locator=${password_input}</arg>
<arg>text=${VALID_PASSWORD}</arg>
<doc>Types the given `text` into text field identified by `locator`.</doc>
<status status="PASS" start="2025-03-02T11:04:58.771012" elapsed="0.578655"/>
</kw>
<arg>password=abc123</arg>
<status status="PASS" start="2025-03-02T11:04:58.770455" elapsed="0.579406"/>
</kw>
<kw name="Click Sign In Button On Sign In Screen" owner="loginPage">
<kw name="Click Element" owner="AppiumLibrary">
<msg time="2025-03-02T11:04:59.352695" level="INFO">Clicking element '//android.widget.Button[@resource-id="com.example.myapplication:id/signIn"]'.</msg>
<msg time="2025-03-02T11:04:59.959589" level="INFO">xpath criteria: //android.widget.Button[@resource-id="com.example.myapplication:id/signIn"]</msg>
<arg>locator=//android.widget.Button[@resource-id="com.example.myapplication:id/signIn"]</arg>
<doc>Click element identified by `locator`.</doc>
<status status="PASS" start="2025-03-02T11:04:59.350936" elapsed="0.609297"/>
</kw>
<status status="PASS" start="2025-03-02T11:04:59.350312" elapsed="0.610128"/>
</kw>
<kw name=" Close Flight Application" owner="base">
<kw name="Close Application" owner="AppiumLibrary">
<doc>Closes the current application and also close webdriver session.</doc>
<status status="PASS" start="2025-03-02T11:04:59.961491" elapsed="0.452081"/>
</kw>
<status status="PASS" start="2025-03-02T11:04:59.960890" elapsed="0.452994"/>
</kw>
<status status="PASS" start="2025-03-02T11:04:51.713615" elapsed="8.700750"/>
</test>
<test id="s1-s1-s1-t6" name="User Should Not Be Able To Login with Empty Password" line="65">
<kw name="Open Flight Application" owner="base">
<kw name="Open Application" owner="AppiumLibrary">
<arg>remote_url=${REMOTE_URL}</arg>
<arg>platformName=${PLATFORM_NAME}</arg>
<arg>platformVersion=${PLATFORM_VERSION}</arg>
<arg>deviceName=${DEVICE_NAME}</arg>
<arg>appPackage=${APP_PACKAGE}</arg>
<arg>appActivity=${APP_ACTIVITY}</arg>
<arg>automationName=${AUTOMATION_NAME}</arg>
<doc>Opens a new application to given Appium server.
Capabilities of appium server, Android and iOS,
Please check https://appium.io/docs/en/2.1/cli/args/
| *Option*            | *Man.* | *Description*     |
| remote_url          | Yes    | Appium server url |
| alias               | no     | alias             |
| strict_ssl          | No     | allows you to send commands to an invalid certificate host like a self-signed one. |</doc>
<status status="PASS" start="2025-03-02T11:05:00.418454" elapsed="6.191350"/>
</kw>
<status status="PASS" start="2025-03-02T11:05:00.417625" elapsed="6.192493"/>
</kw>
<kw name="Verify Home Screen Appears" owner="homePage">
<kw name="Wait Until Element Is Visible" owner="AppiumLibrary">
<msg time="2025-03-02T11:05:07.614603" level="INFO">xpath criteria: //android.widget.ImageView[@resource-id="com.example.myapplication:id/imageView4"]</msg>
<arg>locator=//android.widget.ImageView[@resource-id="com.example.myapplication:id/imageView4"]</arg>
<doc>Waits until element specified with `locator` is visible.</doc>
<status status="PASS" start="2025-03-02T11:05:06.611386" elapsed="1.003918"/>
</kw>
<status status="PASS" start="2025-03-02T11:05:06.610708" elapsed="1.004813"/>
</kw>
<kw name="Click Sign In Button On Home Screen" owner="homePage">
<kw name="Click Element" owner="AppiumLibrary">
<msg time="2025-03-02T11:05:07.618132" level="INFO">Clicking element '//android.widget.Button[@resource-id="com.example.myapplication:id/login"]'.</msg>
<msg time="2025-03-02T11:05:07.753896" level="INFO">xpath criteria: //android.widget.Button[@resource-id="com.example.myapplication:id/login"]</msg>
<arg>locator=//android.widget.Button[@resource-id="com.example.myapplication:id/login"]</arg>
<doc>Click element identified by `locator`.</doc>
<status status="PASS" start="2025-03-02T11:05:07.616464" elapsed="0.137901"/>
</kw>
<status status="PASS" start="2025-03-02T11:05:07.615952" elapsed="0.138812"/>
</kw>
<kw name="Verify Sign In Screen Appears" owner="loginPage">
<kw name="Wait Until Element Is Visible" owner="AppiumLibrary">
<msg time="2025-03-02T11:05:08.499990" level="INFO">xpath criteria: //android.widget.EditText[@resource-id="com.example.myapplication:id/username"]
xpath criteria: //android.widget.EditText[@resource-id="com.example.myapplication:id/username"]</msg>
<arg>locator=${username_input}</arg>
<doc>Waits until element specified with `locator` is visible.</doc>
<status status="PASS" start="2025-03-02T11:05:07.756494" elapsed="0.743969"/>
</kw>
<status status="PASS" start="2025-03-02T11:05:07.755945" elapsed="0.744711"/>
</kw>
<kw name="Input Username" owner="loginPage">
<kw name="Input Text" owner="AppiumLibrary">
<msg time="2025-03-02T11:05:08.503729" level="INFO">Typing text 'support@ngendigital.com' into text field '//android.widget.EditText[@resource-id="com.example.myapplication:id/username"]'</msg>
<msg time="2025-03-02T11:05:08.617694" level="INFO">xpath criteria: //android.widget.EditText[@resource-id="com.example.myapplication:id/username"]</msg>
<arg>locator=${username_input}</arg>
<arg>text=${username}</arg>
<doc>Types the given `text` into text field identified by `locator`.</doc>
<status status="PASS" start="2025-03-02T11:05:08.501880" elapsed="0.116554"/>
</kw>
<arg>username=support@ngendigital.com</arg>
<status status="PASS" start="2025-03-02T11:05:08.501167" elapsed="0.117445"/>
</kw>
<kw name="Input Password" owner="loginPage">
<kw name="Input Text" owner="AppiumLibrary">
<msg time="2025-03-02T11:05:08.621158" level="INFO">Typing text 'abc123' into text field '//android.widget.EditText[@resource-id="com.example.myapplication:id/password"]'</msg>
<msg time="2025-03-02T11:05:09.200517" level="INFO">xpath criteria: //android.widget.EditText[@resource-id="com.example.myapplication:id/password"]</msg>
<arg>locator=${password_input}</arg>
<arg>text=${VALID_PASSWORD}</arg>
<doc>Types the given `text` into text field identified by `locator`.</doc>
<status status="PASS" start="2025-03-02T11:05:08.619870" elapsed="0.581021"/>
</kw>
<arg>password=</arg>
<status status="PASS" start="2025-03-02T11:05:08.619147" elapsed="0.582014"/>
</kw>
<kw name="Click Sign In Button On Sign In Screen" owner="loginPage">
<kw name="Click Element" owner="AppiumLibrary">
<msg time="2025-03-02T11:05:09.203624" level="INFO">Clicking element '//android.widget.Button[@resource-id="com.example.myapplication:id/signIn"]'.</msg>
<msg time="2025-03-02T11:05:09.821912" level="INFO">xpath criteria: //android.widget.Button[@resource-id="com.example.myapplication:id/signIn"]</msg>
<arg>locator=//android.widget.Button[@resource-id="com.example.myapplication:id/signIn"]</arg>
<doc>Click element identified by `locator`.</doc>
<status status="PASS" start="2025-03-02T11:05:09.202360" elapsed="0.620105"/>
</kw>
<status status="PASS" start="2025-03-02T11:05:09.201900" elapsed="0.620761"/>
</kw>
<kw name=" Close Flight Application" owner="base">
<kw name="Close Application" owner="AppiumLibrary">
<doc>Closes the current application and also close webdriver session.</doc>
<status status="PASS" start="2025-03-02T11:05:09.823624" elapsed="0.656298"/>
</kw>
<status status="PASS" start="2025-03-02T11:05:09.823132" elapsed="0.657104"/>
</kw>
<status status="PASS" start="2025-03-02T11:05:00.416280" elapsed="10.064588"/>
</test>
<status status="PASS" start="2025-03-02T11:04:13.207126" elapsed="57.275756"/>
</suite>
<status status="PASS" start="2025-03-02T11:04:13.204236" elapsed="57.281457"/>
</suite>
<status status="PASS" start="2025-03-02T11:04:13.184952" elapsed="57.303642"/>
</suite>
<statistics>
<total>
<stat pass="6" fail="0" skip="0">All Tests</stat>
</total>
<tag>
</tag>
<suite>
<stat name="Quiz3-Kelompok5" id="s1" pass="6" fail="0" skip="0">Quiz3-Kelompok5</stat>
<stat name="Suites" id="s1-s1" pass="6" fail="0" skip="0">Quiz3-Kelompok5.Suites</stat>
<stat name="Login" id="s1-s1-s1" pass="6" fail="0" skip="0">Quiz3-Kelompok5.Suites.Login</stat>
</suite>
</statistics>
<errors>
</errors>
</robot>
